2024-01-31 15:44:33,727 - pyswarms.single.global_best - INFO - Optimize for 75 iters with {'c1': 2, 'c2': 1, 'w': 0.2}
2024-02-28 14:38:35,255 - pyswarms.single.global_best - INFO - Optimize for 2 iters with {'c1': 2, 'c2': 1, 'w': 0.2}
2024-02-28 14:39:00,857 - pyswarms.single.global_best - INFO - Optimize for 2 iters with {'c1': 2, 'c2': 1, 'w': 0.2}
2024-02-28 14:39:15,337 - pyswarms.single.global_best - INFO - Optimize for 2 iters with {'c1': 2, 'c2': 1, 'w': 0.2}
2024-02-28 14:39:16,740 - pyswarms.single.global_best - INFO - Optimization finished | best cost: 0.0009826348465508026, best pos: [0.64395868 0.13158833 0.43781793 0.32220343 0.74340702 0.13099321
 0.6741161 ]
2024-02-28 14:39:57,421 - pyswarms.single.global_best - INFO - Optimize for 2 iters with {'c1': 2, 'c2': 1, 'w': 0.2}
2024-02-28 14:39:58,762 - pyswarms.single.global_best - INFO - Optimization finished | best cost: 0.0009826348465508026, best pos: [0.65054209 0.38984426 0.66504492 0.6518277  0.48322522 0.73027946
 0.39700922]
2024-02-28 14:44:41,976 - pyswarms.single.global_best - INFO - Optimize for 2 iters with {'c1': 2, 'c2': 1, 'w': 0.2}
2024-02-28 14:45:48,606 - pyswarms.single.global_best - INFO - Optimize for 2 iters with {'c1': 2, 'c2': 1, 'w': 0.2}
2024-02-28 14:47:21,862 - pyswarms.single.global_best - INFO - Optimize for 2 iters with {'c1': 2, 'c2': 1, 'w': 0.2}
2024-02-28 14:47:23,190 - pyswarms.single.global_best - INFO - Optimization finished | best cost: 0.0009826348465508026, best pos: [0.41119959 0.13544701 0.40721611 0.60375311 0.32937776 0.37434344
 0.17999886]
2024-02-28 14:50:43,069 - pyswarms.single.global_best - INFO - Optimize for 2 iters with {'c1': 2, 'c2': 1, 'w': 0.2}
2024-03-19 12:23:40,309 - pyswarms.single.global_best - INFO - Optimize for 2 iters with {'c1': 2, 'c2': 1, 'w': 0.2}
2024-03-19 12:27:42,731 - pyswarms.single.global_best - INFO - Optimize for 2 iters with {'c1': 2, 'c2': 1, 'w': 0.2}
2024-03-19 12:28:22,048 - pyswarms.single.global_best - INFO - Optimize for 2 iters with {'c1': 2, 'c2': 1, 'w': 0.2}
2024-03-19 12:30:09,236 - pyswarms.single.global_best - INFO - Optimize for 2 iters with {'c1': 2, 'c2': 1, 'w': 0.2}
2024-03-19 12:36:04,339 - numexpr.utils - INFO - Note: NumExpr detected 12 cores but "NUMEXPR_MAX_THREADS" not set, so enforcing safe limit of 8.
2024-03-19 12:36:04,339 - numexpr.utils - INFO - NumExpr defaulting to 8 threads.
2024-03-19 12:36:09,239 - pyswarms.single.global_best - INFO - Optimize for 2 iters with {'c1': 2, 'c2': 1, 'w': 0.2}
2024-03-19 12:36:17,354 - pyswarms.single.global_best - INFO - Optimize for 2 iters with {'c1': 2, 'c2': 1, 'w': 0.2}
2024-03-19 12:36:44,437 - pyswarms.single.global_best - INFO - Optimize for 2 iters with {'c1': 2, 'c2': 1, 'w': 0.2}
2024-03-19 12:37:10,712 - pyswarms.single.global_best - INFO - Optimize for 2 iters with {'c1': 2, 'c2': 1, 'w': 0.2}
2024-03-19 12:37:27,677 - pyswarms.single.global_best - INFO - Optimize for 2 iters with {'c1': 2, 'c2': 1, 'w': 0.2}
2024-03-19 12:40:45,178 - pyswarms.single.global_best - INFO - Optimize for 2 iters with {'c1': 2, 'c2': 1, 'w': 0.2}
2024-03-19 12:41:30,662 - pyswarms.single.global_best - INFO - Optimize for 2 iters with {'c1': 2, 'c2': 1, 'w': 0.2}
2024-03-19 12:42:29,221 - pyswarms.single.global_best - INFO - Optimize for 2 iters with {'c1': 2, 'c2': 1, 'w': 0.2}
2024-03-19 12:42:30,600 - pyswarms.single.global_best - INFO - Optimization finished | best cost: 0.05764175482949307, best pos: [0.77795054 0.19114308 0.32164984 0.52753235 0.59000754 0.25387844
 0.31548389]
2024-03-19 12:43:35,991 - pyswarms.single.global_best - INFO - Optimize for 2 iters with {'c1': 2, 'c2': 1, 'w': 0.2}
2024-03-19 12:43:37,371 - pyswarms.single.global_best - INFO - Optimization finished | best cost: 0.05764175482949307, best pos: [0.78518126 0.23077793 0.66549002 0.20763544 0.16106205 0.25984965
 0.35011856]
2024-03-19 13:57:27,084 - pyswarms.single.global_best - INFO - Optimize for 2 iters with {'c1': 2, 'c2': 1, 'w': 0.2}
2024-03-19 13:59:56,203 - pyswarms.single.global_best - INFO - Optimize for 2 iters with {'c1': 2, 'c2': 1, 'w': 0.2}
2024-03-19 14:00:43,349 - pyswarms.single.global_best - INFO - Optimize for 2 iters with {'c1': 2, 'c2': 1, 'w': 0.2}
2024-03-19 14:01:25,825 - numexpr.utils - INFO - Note: NumExpr detected 12 cores but "NUMEXPR_MAX_THREADS" not set, so enforcing safe limit of 8.
2024-03-19 14:01:25,825 - numexpr.utils - INFO - NumExpr defaulting to 8 threads.
2024-03-19 14:01:28,748 - pyswarms.single.global_best - INFO - Optimize for 2 iters with {'c1': 2, 'c2': 1, 'w': 0.2}
2024-04-02 10:53:47,351 - pyswarms.single.global_best - INFO - Optimize for 2 iters with {'c1': 2, 'c2': 1, 'w': 0.2}
2024-04-02 11:02:15,499 - pyswarms.single.global_best - INFO - Optimize for 2 iters with {'c1': 2, 'c2': 1, 'w': 0.2}
2024-04-02 11:03:33,497 - pyswarms.single.global_best - INFO - Optimize for 2 iters with {'c1': 2, 'c2': 1, 'w': 0.2}
2024-04-02 11:07:13,645 - pyswarms.single.global_best - INFO - Optimize for 2 iters with {'c1': 2, 'c2': 1, 'w': 0.2}
2024-04-02 11:15:29,520 - pyswarms.single.global_best - INFO - Optimize for 2 iters with {'c1': 2, 'c2': 1, 'w': 0.2}
2024-04-02 11:19:08,843 - pyswarms.single.global_best - INFO - Optimize for 2 iters with {'c1': 2, 'c2': 1, 'w': 0.2}
2024-04-02 11:20:12,271 - pyswarms.single.global_best - INFO - Optimize for 2 iters with {'c1': 2, 'c2': 1, 'w': 0.2}
2024-04-02 11:20:12,391 - pyswarms.single.global_best - INFO - Optimization finished | best cost: 0.0006086995628150062, best pos: [0.34643491 0.7266997  0.60525629 0.53656426 0.13639398 0.35219249
 0.29690913]
2024-04-02 11:21:00,596 - pyswarms.single.global_best - INFO - Optimize for 2 iters with {'c1': 2, 'c2': 1, 'w': 0.2}
2024-04-02 11:27:18,947 - pyswarms.single.global_best - INFO - Optimization finished | best cost: 0.0004648538959242228, best pos: [0.33954086 0.49291241 0.14039043 0.60767856 0.44383031 0.07834653
 0.64859207]
2024-04-03 14:19:08,707 - pyswarms.single.global_best - INFO - Optimize for 2 iters with {'c1': 2, 'c2': 1, 'w': 0.2}
2024-04-03 14:19:08,777 - pyswarms.single.global_best - INFO - Optimization finished | best cost: 0.0006232288510566396, best pos: [0.3228867  0.47515899 0.25042373 0.59918371 0.20694069 0.57803853
 0.68475965]
2024-04-03 14:19:24,715 - pyswarms.single.global_best - INFO - Optimize for 2 iters with {'c1': 2, 'c2': 1, 'w': 0.2}
2024-04-03 14:20:14,309 - pyswarms.single.global_best - INFO - Optimize for 2 iters with {'c1': 2, 'c2': 1, 'w': 0.2}
2024-04-03 14:26:18,491 - pyswarms.single.global_best - INFO - Optimize for 2 iters with {'c1': 2, 'c2': 1, 'w': 0.2}
2024-04-03 14:28:57,612 - pyswarms.single.global_best - INFO - Optimize for 2 iters with {'c1': 2, 'c2': 1, 'w': 0.2}
2024-04-03 14:33:09,852 - pyswarms.single.global_best - INFO - Optimize for 2 iters with {'c1': 2, 'c2': 1, 'w': 0.2}
2024-04-03 14:35:06,072 - pyswarms.single.global_best - INFO - Optimize for 2 iters with {'c1': 2, 'c2': 1, 'w': 0.2}
2024-04-03 14:40:32,649 - pyswarms.single.global_best - INFO - Optimize for 2 iters with {'c1': 2, 'c2': 1, 'w': 0.2}
2024-04-03 14:41:06,828 - pyswarms.single.global_best - INFO - Optimize for 2 iters with {'c1': 2, 'c2': 1, 'w': 0.2}
2024-04-03 14:49:21,854 - pyswarms.single.global_best - INFO - Optimize for 2 iters with {'c1': 2, 'c2': 1, 'w': 0.2}
2024-04-03 14:50:15,100 - pyswarms.single.global_best - INFO - Optimize for 2 iters with {'c1': 2, 'c2': 1, 'w': 0.2}
2024-04-03 14:51:47,552 - pyswarms.single.global_best - INFO - Optimize for 2 iters with {'c1': 2, 'c2': 1, 'w': 0.2}
2024-04-03 14:51:47,595 - pyswarms.single.global_best - INFO - Optimization finished | best cost: 1.4954734004605881e-05, best pos: [0.25501686 0.51494505 0.29684879 0.41393025 0.63949657 0.13779962
 0.12396134]
2024-04-03 14:53:47,307 - pyswarms.single.global_best - INFO - Optimize for 2 iters with {'c1': 2, 'c2': 1, 'w': 0.2}
2024-04-03 14:53:47,353 - pyswarms.single.global_best - INFO - Optimization finished | best cost: 1.4954734004605881e-05, best pos: [0.13058919 0.78938928 0.12132522 0.73410668 0.16146091 0.62661758
 0.74995916]
2024-04-03 14:54:23,047 - pyswarms.single.global_best - INFO - Optimize for 5 iters with {'c1': 2, 'c2': 1, 'w': 0.2}
2024-04-03 14:54:23,133 - pyswarms.single.global_best - INFO - Optimization finished | best cost: 1.4954734004605881e-05, best pos: [0.17773428 0.37482109 0.48614891 0.26785075 0.26687024 0.39606801
 0.69801531]
2024-04-03 14:55:12,575 - pyswarms.single.global_best - INFO - Optimize for 7 iters with {'c1': 2, 'c2': 1, 'w': 0.2}
2024-04-03 14:55:12,702 - pyswarms.single.global_best - INFO - Optimization finished | best cost: 1.4954734004605881e-05, best pos: [0.39711322 0.168832   0.58711452 0.48019419 0.76558921 0.70947538
 0.69996798]
2024-04-03 14:55:25,598 - pyswarms.single.global_best - INFO - Optimize for 7 iters with {'c1': 2, 'c2': 1, 'w': 0.2}
2024-04-03 15:11:49,740 - pyswarms.single.global_best - INFO - Optimize for 7 iters with {'c1': 2, 'c2': 1, 'w': 0.2}
2024-04-03 15:29:24,687 - pyswarms.single.global_best - INFO - Optimization finished | best cost: 1.2518269300384318e-05, best pos: [0.19766224 0.53889196 0.08528618 0.6771965  0.26648507 0.12494322
 0.31624738]
2024-04-03 16:28:47,901 - pyswarms.single.global_best - INFO - Optimize for 75 iters with {'c1': 2, 'c2': 1, 'w': 0.2}
2024-04-04 02:57:21,804 - pyswarms.single.global_best - INFO - Optimization finished | best cost: 7.833000207711084e-06, best pos: [0.26941872 0.5751626  0.07658705 0.48826031 0.08981932 0.08947826
 0.31963581]
2024-04-11 10:32:10,585 - pyswarms.single.global_best - INFO - Optimize for 75 iters with {'c1': 2, 'c2': 1, 'w': 0.2}
2024-04-11 10:36:33,030 - pyswarms.single.global_best - INFO - Optimize for 75 iters with {'c1': 2, 'c2': 1, 'w': 0.2}
2024-04-11 10:38:10,642 - pyswarms.single.global_best - INFO - Optimize for 75 iters with {'c1': 2, 'c2': 1, 'w': 0.2}
2024-04-11 10:38:35,408 - pyswarms.single.global_best - INFO - Optimize for 75 iters with {'c1': 2, 'c2': 1, 'w': 0.2}
2024-04-11 10:49:53,765 - pyswarms.single.global_best - INFO - Optimize for 75 iters with {'c1': 2, 'c2': 1, 'w': 0.2}
2024-04-11 10:50:13,838 - pyswarms.single.global_best - INFO - Optimize for 75 iters with {'c1': 2, 'c2': 1, 'w': 0.2}
2024-04-11 10:57:27,107 - pyswarms.single.global_best - INFO - Optimize for 75 iters with {'c1': 2, 'c2': 1, 'w': 0.2}
2024-04-11 10:59:38,923 - pyswarms.single.global_best - INFO - Optimize for 75 iters with {'c1': 2, 'c2': 1, 'w': 0.2}
2024-04-11 11:01:39,486 - pyswarms.single.global_best - INFO - Optimize for 75 iters with {'c1': 2, 'c2': 1, 'w': 0.2}
2024-04-11 13:01:36,719 - pyswarms.single.global_best - INFO - Optimize for 75 iters with {'c1': 2, 'c2': 2, 'w': 0.4}
2024-04-11 13:01:54,605 - pyswarms.single.global_best - INFO - Optimize for 75 iters with {'c1': 2, 'c2': 2, 'w': 0.4}
2024-04-11 13:10:30,635 - pyswarms.backend.operators - ERROR - Please pass a Swarm class. You passed <class 'pyswarms.backend.swarms.Swarm'>
Traceback (most recent call last):
  File "/home/Lars/.local/lib/python3.8/site-packages/pyswarms/backend/operators.py", line 127, in compute_velocity
    swarm_size = swarm.position.shape
AttributeError: 'list' object has no attribute 'shape'
2024-04-18 10:47:43,956 - pyswarms.single.global_best - INFO - Optimize for 75 iters with {'c1': 2, 'c2': 2, 'w': 0.6}
2024-04-18 10:56:06,274 - pyswarms.backend.operators - ERROR - Please pass a Swarm class. You passed <class 'pyswarms.backend.swarms.Swarm'>
Traceback (most recent call last):
  File "/home/Lars/.local/lib/python3.8/site-packages/pyswarms/backend/operators.py", line 127, in compute_velocity
    swarm_size = swarm.position.shape
AttributeError: 'list' object has no attribute 'shape'
2024-04-22 09:27:23,018 - pyswarms.single.global_best - INFO - Optimize for 75 iters with {'c1': 2, 'c2': 2, 'w': 0.6}
2024-04-22 09:28:13,396 - pyswarms.backend.operators - ERROR - Please pass a Swarm class. You passed <class 'pyswarms.backend.swarms.Swarm'>
Traceback (most recent call last):
  File "/home/Lars/.local/lib/python3.8/site-packages/pyswarms/backend/operators.py", line 127, in compute_velocity
    swarm_size = swarm.position.shape
AttributeError: 'list' object has no attribute 'shape'
2024-04-22 09:42:48,176 - pyswarms.single.global_best - INFO - Optimize for 75 iters with {'c1': 2, 'c2': 2, 'w': 0.6}
2024-04-22 09:44:15,033 - pyswarms.single.global_best - INFO - Optimize for 75 iters with {'c1': 2, 'c2': 2, 'w': 0.6}
2024-04-22 09:44:30,721 - pyswarms.single.global_best - INFO - Optimize for 75 iters with {'c1': 2, 'c2': 2, 'w': 0.6}
2024-04-22 09:44:41,288 - pyswarms.single.global_best - INFO - Optimize for 75 iters with {'c1': 2, 'c2': 2, 'w': 0.6}
2024-04-22 09:44:53,903 - pyswarms.single.global_best - INFO - Optimize for 75 iters with {'c1': 2, 'c2': 2, 'w': 0.6}
2024-04-22 09:46:11,126 - pyswarms.single.global_best - INFO - Optimize for 75 iters with {'c1': 2, 'c2': 2, 'w': 0.6}
2024-04-22 09:48:17,156 - pyswarms.single.global_best - INFO - Optimize for 75 iters with {'c1': 2, 'c2': 2, 'w': 0.6}
2024-04-22 09:48:17,171 - pyswarms.backend.operators - ERROR - Please pass a Swarm class. You passed <class 'pyswarms.backend.swarms.Swarm'>
Traceback (most recent call last):
  File "/home/Lars/.local/lib/python3.8/site-packages/pyswarms/backend/operators.py", line 127, in compute_velocity
    swarm_size = swarm.position.shape
AttributeError: 'list' object has no attribute 'shape'
2024-04-22 09:49:47,377 - pyswarms.single.global_best - INFO - Optimize for 75 iters with {'c1': 2, 'c2': 2, 'w': 0.6}
2024-04-22 09:57:15,178 - pyswarms.single.global_best - INFO - Optimize for 75 iters with {'c1': 2, 'c2': 2, 'w': 0.6}
2024-04-22 09:58:09,812 - numexpr.utils - INFO - Note: NumExpr detected 12 cores but "NUMEXPR_MAX_THREADS" not set, so enforcing safe limit of 8.
2024-04-22 09:58:09,812 - numexpr.utils - INFO - NumExpr defaulting to 8 threads.
2024-04-22 09:58:16,247 - pyswarms.single.global_best - INFO - Optimize for 75 iters with {'c1': 2, 'c2': 2, 'w': 0.6}
2024-04-22 09:58:16,261 - pyswarms.backend.operators - ERROR - Please pass a Swarm class. You passed <class 'pyswarms.backend.swarms.Swarm'>
Traceback (most recent call last):
  File "/home/Lars/.local/lib/python3.8/site-packages/pyswarms/backend/operators.py", line 127, in compute_velocity
    swarm_size = swarm.position.shape
AttributeError: 'list' object has no attribute 'shape'
2024-04-22 09:59:15,552 - pyswarms.single.global_best - INFO - Optimize for 75 iters with {'c1': 2, 'c2': 2, 'w': 0.6}
2024-04-22 09:59:15,566 - pyswarms.backend.operators - ERROR - Please pass a Swarm class. You passed <class 'pyswarms.backend.swarms.Swarm'>
Traceback (most recent call last):
  File "/home/Lars/.local/lib/python3.8/site-packages/pyswarms/backend/operators.py", line 127, in compute_velocity
    swarm_size = swarm.position.shape
AttributeError: 'list' object has no attribute 'shape'
2024-04-22 10:17:12,632 - pyswarms.single.global_best - INFO - Optimize for 75 iters with {'c1': 2, 'c2': 2, 'w': 0.6}
2024-04-22 10:18:44,268 - pyswarms.single.global_best - INFO - Optimize for 5 iters with {'c1': 2, 'c2': 2, 'w': 0.6}
2024-04-22 10:37:46,060 - pyswarms.single.global_best - INFO - Optimize for 5 iters with {'c1': 2, 'c2': 2, 'w': 0.6}
2024-04-22 10:39:30,620 - pyswarms.single.global_best - INFO - Optimize for 5 iters with {'c1': 2, 'c2': 2, 'w': 0.6}
2024-04-22 10:40:57,671 - pyswarms.single.global_best - INFO - Optimize for 5 iters with {'c1': 2, 'c2': 2, 'w': 0.6}
2024-04-22 10:40:57,829 - pyswarms.single.global_best - INFO - Optimization finished | best cost: 3.1320846132774934e-05, best pos: [0.68567981 0.11962813 0.08353123 0.59356084 0.27597766 0.60021387
 0.11293796]
2024-04-22 10:41:39,241 - pyswarms.single.global_best - INFO - Optimize for 5 iters with {'c1': 2, 'c2': 2, 'w': 0.6}
2024-04-22 10:41:39,413 - pyswarms.single.global_best - INFO - Optimization finished | best cost: 3.1320846132774934e-05, best pos: [0.68567981 0.11962813 0.08353123 0.59356084 0.27597766 0.60021387
 0.11293796]
2024-04-22 10:42:07,583 - pyswarms.single.global_best - INFO - Optimize for 5 iters with {'c1': 2, 'c2': 2, 'w': 0.6}
2024-04-22 10:42:07,755 - pyswarms.single.global_best - INFO - Optimization finished | best cost: 3.1320846132774934e-05, best pos: [0.68567981 0.11962813 0.08353123 0.59356084 0.27597766 0.60021387
 0.11293796]
2024-04-22 10:45:53,374 - pyswarms.single.global_best - INFO - Optimize for 5 iters with {'c1': 2, 'c2': 2, 'w': 0.6}
2024-04-22 10:45:53,535 - pyswarms.single.global_best - INFO - Optimization finished | best cost: 3.1320846132774934e-05, best pos: [0.68567981 0.11962813 0.08353123 0.59356084 0.27597766 0.60021387
 0.11293796]
2024-04-22 10:46:09,940 - pyswarms.single.global_best - INFO - Optimize for 5 iters with {'c1': 2, 'c2': 2, 'w': 0.6}
2024-04-22 10:46:10,117 - pyswarms.single.global_best - INFO - Optimization finished | best cost: 3.1320846132774934e-05, best pos: [0.68567981 0.11962813 0.08353123 0.59356084 0.27597766 0.60021387
 0.11293796]
2024-04-22 10:47:00,810 - pyswarms.single.global_best - INFO - Optimize for 5 iters with {'c1': 2, 'c2': 2, 'w': 0.6}
2024-04-22 11:07:09,058 - pyswarms.single.global_best - INFO - Optimization finished | best cost: 1.8198568379815013e-05, best pos: [0.68567981 0.11962813 0.08353123 0.59356084 0.27597766 0.60021387
 0.11293796]
2024-04-22 11:29:22,059 - pyswarms.single.global_best - INFO - Optimize for 5 iters with {'c1': 2, 'c2': 2, 'w': 0.6}
2024-04-22 11:29:42,919 - pyswarms.single.global_best - INFO - Optimize for 5 iters with {'c1': 2, 'c2': 2, 'w': 0.6}
2024-04-22 11:36:44,656 - pyswarms.single.global_best - INFO - Optimize for 5 iters with {'c1': 2, 'c2': 2, 'w': 0.6}
2024-04-22 11:36:44,840 - pyswarms.single.global_best - INFO - Optimization finished | best cost: 3.132084613276487e-05, best pos: [0.68567981 0.11962813 0.08353123 0.59356084 0.27597766 0.60021387
 0.11293796]
2024-04-22 11:37:04,628 - pyswarms.single.global_best - INFO - Optimize for 5 iters with {'c1': 2, 'c2': 2, 'w': 0.6}
2024-04-22 11:41:23,774 - pyswarms.single.global_best - INFO - Optimize for 5 iters with {'c1': 2, 'c2': 2, 'w': 0.6}
2024-04-22 11:56:30,538 - pyswarms.single.global_best - INFO - Optimization finished | best cost: 2.5808971615149133e-05, best pos: [0.55907802 0.46314445 0.3506574  0.31957689 0.4494753  0.52690938
 0.45502662]
2024-04-22 12:02:46,508 - pyswarms.single.global_best - INFO - Optimize for 10 iters with {'c1': 2, 'c2': 2, 'w': 0.6}
2024-04-22 12:35:01,513 - pyswarms.single.global_best - INFO - Optimize for 10 iters with {'c1': 2, 'c2': 2, 'w': 0.6}
2024-04-22 12:35:58,349 - pyswarms.single.global_best - INFO - Optimize for 10 iters with {'c1': 2, 'c2': 2, 'w': 0.6}
2024-04-22 12:35:58,802 - pyswarms.single.global_best - INFO - Optimization finished | best cost: 3.678194208710163e-05, best pos: [0.5 0.5 0.5 0.5 0.5 0.5 0.5]
2024-04-22 12:36:13,110 - pyswarms.single.global_best - INFO - Optimize for 10 iters with {'c1': 2, 'c2': 2, 'w': 0.6}
2024-04-22 13:19:19,168 - pyswarms.single.global_best - INFO - Optimization finished | best cost: 1.886926993725222e-05, best pos: [0.15717362 0.79007387 0.15836021 0.34031052 0.47866158 0.37455968
 0.6979755 ]
2024-04-22 13:29:34,462 - pyswarms.single.global_best - INFO - Optimize for 100 iters with {'c1': 2, 'c2': 2, 'w': 0.6}
2024-04-22 23:51:40,292 - pyswarms.single.global_best - INFO - Optimization finished | best cost: 8.889222691203318e-06, best pos: [0.23684471 0.51375414 0.08313564 0.27003599 0.07616936 0.52325957
 0.48735436]
2024-04-23 10:51:29,440 - pyswarms.single.global_best - INFO - Optimize for 100 iters with {'c1': 1.5, 'c2': 2, 'w': 0.4}
2024-05-01 15:02:50,807 - pyswarms.single.global_best - INFO - Optimize for 5 iters with {'c1': 1.5, 'c2': 2, 'w': 0.4}
2024-05-02 16:19:25,758 - pyswarms.single.global_best - INFO - Optimize for 5 iters with {'c1': 1.5, 'c2': 2, 'w': 0.4}
2024-05-02 16:19:25,905 - pyswarms.single.global_best - INFO - Optimization finished | best cost: 0.0, best pos: [0.68567981 0.11962813 0.08353123 0.59356084 0.27597766 0.60021387
 0.11293796]
2024-05-02 16:26:49,398 - pyswarms.single.global_best - INFO - Optimize for 5 iters with {'c1': 1.5, 'c2': 2, 'w': 0.4}
2024-05-02 16:26:49,588 - pyswarms.single.global_best - INFO - Optimization finished | best cost: 0.0, best pos: [0.68567981 0.11962813 0.08353123 0.59356084 0.27597766 0.60021387
 0.11293796]
2024-05-02 16:38:20,651 - pyswarms.single.global_best - INFO - Optimize for 2 iters with {'c1': 1.5, 'c2': 2, 'w': 0.4}
2024-05-02 16:38:20,720 - pyswarms.single.global_best - INFO - Optimization finished | best cost: 0.0, best pos: [0.68567981 0.11962813 0.08353123 0.59356084 0.27597766 0.60021387
 0.11293796]
2024-05-02 16:41:30,698 - pyswarms.single.global_best - INFO - Optimize for 2 iters with {'c1': 1.5, 'c2': 2, 'w': 0.4}
2024-05-02 16:41:30,768 - pyswarms.single.global_best - INFO - Optimization finished | best cost: 0.0, best pos: [0.68567981 0.11962813 0.08353123 0.59356084 0.27597766 0.60021387
 0.11293796]
2024-05-02 16:44:11,010 - pyswarms.single.global_best - INFO - Optimize for 2 iters with {'c1': 1.5, 'c2': 2, 'w': 0.4}
2024-05-02 16:44:11,052 - pyswarms.single.global_best - INFO - Optimization finished | best cost: 0.0, best pos: [0.68567981 0.11962813 0.08353123 0.59356084 0.27597766 0.60021387
 0.11293796]
2024-05-02 16:45:29,882 - pyswarms.single.global_best - INFO - Optimize for 2 iters with {'c1': 1.5, 'c2': 2, 'w': 0.4}
2024-05-02 16:45:33,011 - pyswarms.single.global_best - INFO - Optimization finished | best cost: 0.0, best pos: [0.68567981 0.11962813 0.08353123 0.59356084 0.27597766 0.60021387
 0.11293796]
2024-05-02 16:46:22,032 - pyswarms.single.global_best - INFO - Optimize for 2 iters with {'c1': 1.5, 'c2': 2, 'w': 0.4}
2024-05-02 16:46:22,661 - pyswarms.single.global_best - INFO - Optimization finished | best cost: 0.0, best pos: [0.68567981 0.11962813 0.08353123 0.59356084 0.27597766 0.60021387
 0.11293796]
2024-05-02 16:48:14,211 - pyswarms.single.global_best - INFO - Optimize for 2 iters with {'c1': 1.5, 'c2': 2, 'w': 0.4}
2024-05-02 16:50:28,837 - pyswarms.single.global_best - INFO - Optimize for 2 iters with {'c1': 1.5, 'c2': 2, 'w': 0.4}
2024-05-03 14:53:07,029 - pyswarms.single.global_best - INFO - Optimize for 2 iters with {'c1': 1.5, 'c2': 2, 'w': 0.4}
2024-05-03 15:00:50,104 - pyswarms.single.global_best - INFO - Optimize for 2 iters with {'c1': 1.5, 'c2': 2, 'w': 0.4}
2024-05-03 15:04:13,143 - pyswarms.single.global_best - INFO - Optimize for 2 iters with {'c1': 1.5, 'c2': 2, 'w': 0.4}
2024-05-03 15:08:41,501 - pyswarms.single.global_best - INFO - Optimize for 2 iters with {'c1': 1.5, 'c2': 2, 'w': 0.4}
2024-05-03 15:12:33,422 - pyswarms.single.global_best - INFO - Optimize for 2 iters with {'c1': 1.5, 'c2': 2, 'w': 0.4}
2024-05-03 15:14:05,051 - pyswarms.single.global_best - INFO - Optimize for 2 iters with {'c1': 1.5, 'c2': 2, 'w': 0.4}
2024-05-03 15:31:10,369 - pyswarms.single.global_best - INFO - Optimize for 2 iters with {'c1': 1.5, 'c2': 2, 'w': 0.4}
2024-05-06 11:37:23,012 - pyswarms.single.global_best - INFO - Optimize for 2 iters with {'c1': 1.5, 'c2': 2, 'w': 0.4}
<<<<<<< Updated upstream
=======
2024-06-17 09:21:13,814 - pyswarms.single.global_best - INFO - Optimize for 2 iters with {'c1': 1.5, 'c2': 2, 'w': 0.4}
2024-06-17 09:25:08,003 - pyswarms.single.global_best - INFO - Optimization finished | best cost: 50314.55618109343, best pos: [0.46292936 0.46470839 0.51104505 0.51381176 0.52807503 0.49367135
 0.4939215 ]
2024-06-17 09:34:43,474 - pyswarms.single.global_best - INFO - Optimize for 2 iters with {'c1': 1.5, 'c2': 2, 'w': 0.4}
2024-06-17 09:38:10,714 - pyswarms.single.global_best - INFO - Optimization finished | best cost: 52962.71831157902, best pos: [0.52215087 0.46207379 0.4911646  0.46230677 0.5063131  0.50924383
 0.4727344 ]
2024-06-17 09:44:04,360 - pyswarms.single.global_best - INFO - Optimize for 50 iters with {'c1': 1.5, 'c2': 2, 'w': 0.4}
2024-06-18 14:20:48,201 - pyswarms.single.global_best - INFO - Optimize for 50 iters with {'c1': 1.5, 'c2': 2, 'w': 0.4}
2024-06-18 18:20:57,980 - pyswarms.single.global_best - INFO - Optimization finished | best cost: 0.6450329066405335, best pos: [0.10975623 0.43539531 0.35172408 0.55418638 0.50987917 0.4009061
 0.46356303]
2024-06-27 13:27:52,688 - pyswarms.single.global_best - INFO - Optimize for 30 iters with {'c1': 1.5, 'c2': 2, 'w': 0.4}
2024-06-27 13:28:17,304 - pyswarms.single.global_best - INFO - Optimize for 30 iters with {'c1': 1.5, 'c2': 2, 'w': 0.4}
2024-06-27 21:31:57,462 - pyswarms.single.global_best - INFO - Optimize for 50 iters with {'c1': 1.5, 'c2': 2, 'w': 0.4}
2024-06-28 01:43:27,410 - pyswarms.single.global_best - INFO - Optimization finished | best cost: 0.42240695334240735, best pos: [0.11410732 0.39805672 0.30945882 0.48040515 0.49286871 0.48283872
 0.4637626 ]
2024-06-28 17:37:44,973 - pyswarms.single.global_best - INFO - Optimize for 30 iters with {'c1': 1.5, 'c2': 2, 'w': 0.4}
2024-06-28 20:19:49,555 - pyswarms.single.global_best - INFO - Optimization finished | best cost: 0.019162865516556504, best pos: [0.69215917 0.08694125 0.19561884 0.55566828 0.10290464 0.51673452
 0.13800275]
2024-07-11 09:45:59,219 - pyswarms.single.global_best - INFO - Optimize for 30 iters with {'c1': 1.5, 'c2': 2, 'w': 0.4}
>>>>>>> Stashed changes
2024-07-11 09:53:04,262 - pyswarms.single.global_best - INFO - Optimize for 50 iters with {'c1': 1.5, 'c2': 2, 'w': 0.4}
2024-07-11 09:53:38,892 - pyswarms.single.global_best - INFO - Optimize for 50 iters with {'c1': 1.5, 'c2': 2, 'w': 0.4}
2024-07-11 09:54:38,289 - pyswarms.single.global_best - INFO - Optimize for 50 iters with {'c1': 1.5, 'c2': 2, 'w': 0.4}
2024-07-11 12:40:52,933 - pyswarms.single.global_best - INFO - Optimization finished | best cost: 7.932698101741313e-05, best pos: [0.075      0.8        0.075      0.2641667  0.075      0.075
 0.68921138]
2024-07-16 11:11:05,831 - pyswarms.single.global_best - INFO - Optimize for 50 iters with {'c1': 1.5, 'c2': 2, 'w': 0.4}
2024-07-16 14:48:08,707 - pyswarms.single.global_best - INFO - Optimize for 50 iters with {'c1': 1.5, 'c2': 2, 'w': 0.4}
2024-07-16 15:42:53,766 - pyswarms.single.global_best - INFO - Optimize for 50 iters with {'c1': 1.5, 'c2': 2, 'w': 0.4}
2024-07-17 09:35:36,309 - pyswarms.single.global_best - INFO - Optimize for 50 iters with {'c1': 1.5, 'c2': 2, 'w': 0.4}
2024-07-17 10:07:50,046 - pyswarms.single.global_best - INFO - Optimize for 50 iters with {'c1': 1.5, 'c2': 2, 'w': 0.4}
2024-07-17 10:31:21,845 - pyswarms.single.global_best - INFO - Optimize for 50 iters with {'c1': 2, 'c2': 2, 'w': 0.4}
2024-07-17 10:57:14,444 - pyswarms.single.global_best - INFO - Optimize for 50 iters with {'c1': 2, 'c2': 2, 'w': 0.4}
2024-07-17 11:04:03,885 - pyswarms.single.global_best - INFO - Optimize for 50 iters with {'c1': 2, 'c2': 2, 'w': 0.4}
2024-07-17 11:08:22,729 - pyswarms.single.global_best - INFO - Optimize for 50 iters with {'c1': 2, 'c2': 2, 'w': 0.4}
2024-07-17 11:10:27,565 - pyswarms.single.global_best - INFO - Optimize for 50 iters with {'c1': 2, 'c2': 2, 'w': 0.4}
2024-07-17 11:18:15,369 - pyswarms.single.global_best - INFO - Optimize for 50 iters with {'c1': 2, 'c2': 2, 'w': 0.4}
2024-07-17 11:23:46,341 - pyswarms.single.global_best - INFO - Optimize for 50 iters with {'c1': 2, 'c2': 2, 'w': 0.4}
2024-07-17 11:29:28,729 - pyswarms.single.global_best - INFO - Optimize for 50 iters with {'c1': 2, 'c2': 2, 'w': 0.4}
2024-07-17 15:43:28,608 - pyswarms.single.global_best - INFO - Optimization finished | best cost: 0.0, best pos: [0.35229433 0.49766094 0.57145262 0.87621953 0.18834625 0.75949497
 0.60227791]
2024-07-18 09:21:42,221 - pyswarms.single.global_best - INFO - Optimize for 50 iters with {'c1': 2, 'c2': 2, 'w': 0.4}
2024-07-18 09:21:44,350 - pyswarms.single.global_best - INFO - Optimization finished | best cost: 0.0, best pos: [0.28777339 0.08542448 0.88927465 0.30606853 0.88966518 0.13199361
 0.20608073]
2024-07-18 09:25:16,569 - pyswarms.single.global_best - INFO - Optimize for 1 iters with {'c1': 2, 'c2': 2, 'w': 0.4}
2024-07-18 09:25:16,611 - pyswarms.single.global_best - INFO - Optimization finished | best cost: 0.0, best pos: [0.07546197 0.50069449 0.72423931 0.11117095 0.70467845 0.21478609
 0.66733219]
2024-07-18 09:26:10,982 - pyswarms.single.global_best - INFO - Optimize for 1 iters with {'c1': 2, 'c2': 2, 'w': 0.4}
2024-07-18 09:27:30,700 - pyswarms.single.global_best - INFO - Optimize for 1 iters with {'c1': 2, 'c2': 2, 'w': 0.4}
2024-07-18 09:27:54,953 - pyswarms.single.global_best - INFO - Optimize for 1 iters with {'c1': 2, 'c2': 2, 'w': 0.4}
2024-07-18 09:39:47,916 - pyswarms.single.global_best - INFO - Optimize for 1 iters with {'c1': 2, 'c2': 2, 'w': 0.4}
2024-07-18 09:42:11,843 - pyswarms.single.global_best - INFO - Optimize for 1 iters with {'c1': 2, 'c2': 2, 'w': 0.4}
2024-07-18 09:43:26,353 - pyswarms.single.global_best - INFO - Optimize for 1 iters with {'c1': 2, 'c2': 2, 'w': 0.4}
2024-07-18 09:47:43,954 - pyswarms.single.global_best - INFO - Optimize for 1 iters with {'c1': 2, 'c2': 2, 'w': 0.4}
2024-07-18 09:50:01,429 - pyswarms.single.global_best - INFO - Optimize for 1 iters with {'c1': 2, 'c2': 2, 'w': 0.4}
2024-07-18 09:51:07,010 - pyswarms.single.global_best - INFO - Optimization finished | best cost: 3.113214033857471e+16, best pos: [0.86438515 0.92331008 0.87036711 0.33507155 0.21718789 0.75557055
 0.77154629]
2024-07-18 09:51:56,477 - pyswarms.single.global_best - INFO - Optimize for 2 iters with {'c1': 2, 'c2': 2, 'w': 0.4}
2024-07-18 09:54:13,000 - pyswarms.single.global_best - INFO - Optimization finished | best cost: 3.113214033857471e+16, best pos: [0.36711897 0.45448527 0.09663389 0.31155857 0.90057553 0.33597471
 0.2008486 ]
2024-07-18 09:56:43,224 - pyswarms.single.global_best - INFO - Optimize for 2 iters with {'c1': 2, 'c2': 2, 'w': 0.4}
2024-07-18 10:20:02,215 - pyswarms.single.global_best - INFO - Optimize for 2 iters with {'c1': 2, 'c2': 2, 'w': 0.4}
2024-07-18 11:08:38,017 - pyswarms.single.global_best - INFO - Optimize for 2 iters with {'c1': 2, 'c2': 2, 'w': 0.4}
2024-07-18 11:10:59,209 - pyswarms.single.global_best - INFO - Optimize for 2 iters with {'c1': 2, 'c2': 2, 'w': 0.4}
2024-07-18 11:13:35,610 - pyswarms.single.global_best - INFO - Optimize for 2 iters with {'c1': 2, 'c2': 2, 'w': 0.4}
2024-07-18 12:00:05,444 - pyswarms.single.global_best - INFO - Optimize for 2 iters with {'c1': 2, 'c2': 2, 'w': 0.4}
2024-07-18 12:01:06,699 - pyswarms.single.global_best - INFO - Optimize for 2 iters with {'c1': 2, 'c2': 2, 'w': 0.4}
2024-07-18 12:02:55,543 - pyswarms.single.global_best - INFO - Optimize for 10 iters with {'c1': 2, 'c2': 2, 'w': 0.4}
2024-07-18 12:57:48,028 - pyswarms.single.global_best - INFO - Optimize for 10 iters with {'c1': 2, 'c2': 2, 'w': 0.4}
2024-07-18 13:01:22,720 - pyswarms.single.global_best - INFO - Optimize for 10 iters with {'c1': 2, 'c2': 2, 'w': 0.4}
2024-08-13 16:53:53,662 - pyswarms.single.global_best - INFO - Optimize for 50 iters with {'c1': 2, 'c2': 2, 'w': 0.4}
2024-08-13 17:12:43,439 - pyswarms.single.global_best - INFO - Optimize for 50 iters with {'c1': 2, 'c2': 2, 'w': 0.4}
2024-08-13 17:14:48,089 - pyswarms.single.global_best - INFO - Optimize for 50 iters with {'c1': 2, 'c2': 2, 'w': 0.4}
2024-08-13 17:18:31,738 - pyswarms.single.global_best - INFO - Optimize for 50 iters with {'c1': 2, 'c2': 2, 'w': 0.4}
2024-08-14 10:54:29,414 - pyswarms.single.global_best - INFO - Optimize for 2 iters with {'c1': 2, 'c2': 2, 'w': 0.4}
2024-08-14 10:57:01,220 - pyswarms.single.global_best - INFO - Optimize for 2 iters with {'c1': 2, 'c2': 2, 'w': 0.4}
2024-08-14 10:57:01,377 - pyswarms.single.global_best - INFO - Optimization finished | best cost: 0.0, best pos: [0.58070103 0.35572131 0.52075198 0.40690138 0.29447389 0.24188895
 0.36008166]
2024-08-14 11:06:58,537 - pyswarms.single.global_best - INFO - Optimize for 2 iters with {'c1': 2, 'c2': 2, 'w': 0.4}
2024-08-14 11:06:58,693 - pyswarms.single.global_best - INFO - Optimization finished | best cost: 0.0, best pos: [0.25457326 0.15708448 0.22447023 0.20359615 0.35107761 0.20985761
 0.1508661 ]
2024-08-14 11:07:34,012 - pyswarms.single.global_best - INFO - Optimize for 2 iters with {'c1': 2, 'c2': 2, 'w': 0.4}
2024-08-14 11:10:49,804 - pyswarms.single.global_best - INFO - Optimization finished | best cost: 4304180366112.1753, best pos: [0.12660592 0.53664822 0.50790229 0.28655618 0.41415237 0.49238637
 0.28170669]
2024-08-14 11:15:56,700 - pyswarms.single.global_best - INFO - Optimize for 20 iters with {'c1': 2, 'c2': 2, 'w': 0.4}
2024-08-19 11:11:36,476 - pyswarms.single.global_best - INFO - Optimize for 20 iters with {'c1': 2, 'c2': 2, 'w': 0.4}
2024-08-19 11:27:23,822 - pyswarms.single.global_best - INFO - Optimize for 20 iters with {'c1': 2, 'c2': 2, 'w': 0.4}
2024-08-19 11:33:24,409 - pyswarms.single.global_best - INFO - Optimize for 20 iters with {'c1': 2, 'c2': 2, 'w': 0.4}
2024-08-19 11:34:08,858 - pyswarms.single.global_best - INFO - Optimize for 20 iters with {'c1': 2, 'c2': 2, 'w': 0.4}
2024-08-19 11:38:25,723 - pyswarms.single.global_best - INFO - Optimize for 20 iters with {'c1': 2, 'c2': 2, 'w': 0.4}
2024-08-19 11:48:39,224 - pyswarms.single.global_best - INFO - Optimize for 20 iters with {'c1': 2, 'c2': 2, 'w': 0.4}
2024-08-19 11:50:09,577 - pyswarms.single.global_best - INFO - Optimize for 20 iters with {'c1': 2, 'c2': 2, 'w': 0.4}
2024-08-19 11:51:59,776 - pyswarms.single.global_best - INFO - Optimize for 20 iters with {'c1': 2, 'c2': 2, 'w': 0.4}
2024-08-19 11:52:02,108 - pyswarms.single.global_best - INFO - Optimization finished | best cost: 0.0, best pos: [0.24433994 0.51956725 0.54743195 0.41084543 0.35966018 0.2531186
 0.31218412]
2024-08-19 11:53:40,433 - pyswarms.single.global_best - INFO - Optimize for 20 iters with {'c1': 2, 'c2': 2, 'w': 0.4}
2024-08-22 10:38:36,978 - pyswarms.single.global_best - INFO - Optimize for 20 iters with {'c1': 2, 'c2': 2, 'w': 0.4}
2024-08-22 10:41:17,706 - pyswarms.single.global_best - INFO - Optimize for 20 iters with {'c1': 2, 'c2': 2, 'w': 0.4}
2024-08-22 10:44:09,130 - pyswarms.single.global_best - INFO - Optimize for 20 iters with {'c1': 2, 'c2': 2, 'w': 0.4}
2024-08-22 10:59:29,935 - pyswarms.single.global_best - INFO - Optimize for 20 iters with {'c1': 2, 'c2': 2, 'w': 0.4}
2024-08-22 10:59:38,247 - pyswarms.single.global_best - INFO - Optimize for 20 iters with {'c1': 2, 'c2': 2, 'w': 0.4}
2024-08-22 11:00:09,681 - pyswarms.single.global_best - INFO - Optimize for 20 iters with {'c1': 2, 'c2': 2, 'w': 0.4}
2024-08-22 11:05:33,590 - pyswarms.single.global_best - INFO - Optimize for 20 iters with {'c1': 2, 'c2': 2, 'w': 0.4}
2024-08-22 11:08:31,640 - pyswarms.single.global_best - INFO - Optimize for 20 iters with {'c1': 2, 'c2': 2, 'w': 0.4}
2024-08-22 14:03:38,326 - pyswarms.single.global_best - INFO - Optimize for 20 iters with {'c1': 2, 'c2': 2, 'w': 0.4}
2024-08-22 14:05:36,347 - pyswarms.single.global_best - INFO - Optimize for 20 iters with {'c1': 2, 'c2': 2, 'w': 0.4}
2024-08-22 14:06:45,952 - pyswarms.single.global_best - INFO - Optimize for 20 iters with {'c1': 2, 'c2': 2, 'w': 0.4}
2024-08-22 14:12:31,832 - pyswarms.single.global_best - INFO - Optimize for 20 iters with {'c1': 2, 'c2': 2, 'w': 0.4}
2024-08-22 14:13:34,025 - pyswarms.single.global_best - INFO - Optimize for 20 iters with {'c1': 2, 'c2': 2, 'w': 0.4}
2024-08-22 14:16:47,594 - pyswarms.single.global_best - INFO - Optimize for 20 iters with {'c1': 2, 'c2': 2, 'w': 0.4}
2024-08-22 14:22:23,192 - pyswarms.single.global_best - INFO - Optimize for 20 iters with {'c1': 2, 'c2': 2, 'w': 0.4}
2024-08-22 14:22:32,555 - pyswarms.single.global_best - INFO - Optimize for 20 iters with {'c1': 2, 'c2': 2, 'w': 0.4}
2024-08-22 14:28:07,657 - pyswarms.single.global_best - INFO - Optimize for 15 iters with {'c1': 2, 'c2': 2, 'w': 0.4}
2024-08-22 14:54:11,724 - pyswarms.single.global_best - INFO - Optimization finished | best cost: 6183043442.371669, best pos: [0.25950582 0.31541356 0.28747487 0.39282455 0.47282867 0.11439398
 0.32551946]
2024-08-22 16:56:35,825 - pyswarms.single.global_best - INFO - Optimize for 15 iters with {'c1': 2, 'c2': 2, 'w': 0.4}
2024-08-22 16:59:02,468 - pyswarms.single.global_best - INFO - Optimize for 15 iters with {'c1': 2, 'c2': 2, 'w': 0.4}
2024-08-22 17:03:41,086 - pyswarms.single.global_best - INFO - Optimize for 15 iters with {'c1': 2, 'c2': 2, 'w': 0.4}
2024-08-22 17:05:20,135 - pyswarms.single.global_best - INFO - Optimize for 15 iters with {'c1': 2, 'c2': 2, 'w': 0.4}
2024-08-22 17:06:22,007 - pyswarms.single.global_best - INFO - Optimize for 15 iters with {'c1': 2, 'c2': 2, 'w': 0.4}
2024-08-22 17:09:28,560 - pyswarms.single.global_best - INFO - Optimize for 15 iters with {'c1': 2, 'c2': 2, 'w': 0.4}
2024-08-22 17:11:16,530 - pyswarms.single.global_best - INFO - Optimize for 15 iters with {'c1': 2, 'c2': 2, 'w': 0.4}
2024-08-22 17:13:37,280 - pyswarms.single.global_best - INFO - Optimize for 15 iters with {'c1': 2, 'c2': 2, 'w': 0.4}
2024-08-22 17:20:51,256 - pyswarms.single.global_best - INFO - Optimize for 15 iters with {'c1': 2, 'c2': 2, 'w': 0.4}
2024-08-26 15:23:49,465 - pyswarms.single.global_best - INFO - Optimize for 15 iters with {'c1': 2, 'c2': 2, 'w': 0.4}
2024-08-26 15:25:14,382 - pyswarms.single.global_best - INFO - Optimize for 15 iters with {'c1': 2, 'c2': 2, 'w': 0.4}
2024-08-26 15:30:02,050 - pyswarms.single.global_best - INFO - Optimize for 15 iters with {'c1': 2, 'c2': 2, 'w': 0.4}
2024-08-26 15:34:26,317 - pyswarms.single.global_best - INFO - Optimize for 15 iters with {'c1': 2, 'c2': 2, 'w': 0.4}
2024-08-26 15:36:22,670 - pyswarms.single.global_best - INFO - Optimize for 15 iters with {'c1': 2, 'c2': 2, 'w': 0.4}
2024-08-26 15:37:52,512 - pyswarms.single.global_best - INFO - Optimize for 15 iters with {'c1': 2, 'c2': 2, 'w': 0.4}
2024-08-27 13:32:33,857 - pyswarms.single.global_best - INFO - Optimize for 15 iters with {'c1': 2, 'c2': 2, 'w': 0.4}
2024-08-27 13:35:02,396 - pyswarms.single.global_best - INFO - Optimize for 15 iters with {'c1': 2, 'c2': 2, 'w': 0.4}
2024-08-27 14:13:01,845 - pyswarms.single.global_best - INFO - Optimize for 15 iters with {'c1': 2, 'c2': 2, 'w': 0.4}
2024-08-27 14:14:54,614 - pyswarms.single.global_best - INFO - Optimize for 15 iters with {'c1': 2, 'c2': 2, 'w': 0.4}
2024-08-27 14:17:36,819 - pyswarms.single.global_best - INFO - Optimize for 15 iters with {'c1': 2, 'c2': 2, 'w': 0.4}
2024-08-27 14:37:04,632 - pyswarms.single.global_best - INFO - Optimize for 15 iters with {'c1': 2, 'c2': 2, 'w': 0.4}
2024-08-27 15:04:55,459 - pyswarms.single.global_best - INFO - Optimize for 15 iters with {'c1': 2, 'c2': 2, 'w': 0.4}
2024-08-27 15:05:30,059 - pyswarms.single.global_best - INFO - Optimize for 15 iters with {'c1': 2, 'c2': 2, 'w': 0.4}
2024-08-27 15:07:56,915 - pyswarms.single.global_best - INFO - Optimize for 15 iters with {'c1': 2, 'c2': 2, 'w': 0.4}
2024-08-27 15:07:57,053 - pyswarms.single.global_best - INFO - Optimization finished | best cost: 0.0, best pos: [0.22277577 0.18644948 0.57718142 0.18759539 0.2642375  0.48888136
 0.13242093]
2024-08-27 15:11:05,175 - pyswarms.single.global_best - INFO - Optimize for 15 iters with {'c1': 2, 'c2': 2, 'w': 0.4}
2024-08-27 15:12:09,889 - pyswarms.single.global_best - INFO - Optimize for 15 iters with {'c1': 2, 'c2': 2, 'w': 0.4}
2024-08-27 15:15:32,908 - pyswarms.single.global_best - INFO - Optimize for 15 iters with {'c1': 2, 'c2': 2, 'w': 0.4}
2024-08-27 15:19:09,590 - pyswarms.single.global_best - INFO - Optimize for 15 iters with {'c1': 2, 'c2': 2, 'w': 0.4}
2024-09-03 14:57:55,394 - pyswarms.single.global_best - INFO - Optimize for 15 iters with {'c1': 2, 'c2': 2, 'w': 0.4}
2024-09-03 14:57:55,550 - pyswarms.single.global_best - INFO - Optimization finished | best cost: 0.0, best pos: [0.36850289 0.10194542 0.53835083 0.13927244 0.25646221 0.15446138
 0.24563389]
2024-09-03 14:59:16,584 - pyswarms.single.global_best - INFO - Optimize for 15 iters with {'c1': 2, 'c2': 2, 'w': 0.4}
2024-09-03 14:59:16,778 - pyswarms.single.global_best - INFO - Optimization finished | best cost: 0.0, best pos: [0.44961349 0.2760623  0.49697848 0.16992784 0.19818564 0.22641305
 0.55994663]
2024-09-03 15:00:29,247 - pyswarms.single.global_best - INFO - Optimize for 15 iters with {'c1': 2, 'c2': 2, 'w': 0.4}
2024-09-03 15:13:48,697 - pyswarms.single.global_best - INFO - Optimize for 15 iters with {'c1': 2, 'c2': 2, 'w': 0.4}
2024-09-03 15:16:59,682 - pyswarms.single.global_best - INFO - Optimize for 15 iters with {'c1': 2, 'c2': 2, 'w': 0.4}
2024-09-03 15:19:41,341 - pyswarms.single.global_best - INFO - Optimize for 15 iters with {'c1': 2, 'c2': 2, 'w': 0.4}
2024-09-03 15:22:30,544 - pyswarms.single.global_best - INFO - Optimize for 15 iters with {'c1': 2, 'c2': 2, 'w': 0.4}
2024-09-03 15:23:06,539 - pyswarms.single.global_best - INFO - Optimize for 15 iters with {'c1': 2, 'c2': 2, 'w': 0.4}
2024-09-03 15:24:11,148 - pyswarms.single.global_best - INFO - Optimize for 15 iters with {'c1': 2, 'c2': 2, 'w': 0.4}
2024-09-03 15:25:54,105 - pyswarms.single.global_best - INFO - Optimize for 15 iters with {'c1': 2, 'c2': 2, 'w': 0.4}
2024-09-06 08:19:09,241 - pyswarms.single.global_best - INFO - Optimize for 2 iters with {'c1': 2, 'c2': 2, 'w': 0.4}
2024-09-10 15:24:04,580 - pyswarms.single.global_best - INFO - Optimize for 2 iters with {'c1': 2, 'c2': 2, 'w': 0.4}
2024-09-10 15:28:24,235 - pyswarms.single.global_best - INFO - Optimize for 2 iters with {'c1': 2, 'c2': 2, 'w': 0.4}
2024-09-10 15:29:20,732 - pyswarms.single.global_best - INFO - Optimization finished | best cost: 0.0, best pos: [0.29330098 0.37669452 0.33078053 0.53091333 0.25560109 0.11086531
 0.37888483]
2024-09-10 15:31:38,386 - pyswarms.single.global_best - INFO - Optimize for 2 iters with {'c1': 2, 'c2': 2, 'w': 0.4}
2024-09-10 15:34:28,432 - pyswarms.single.global_best - INFO - Optimization finished | best cost: 1827289.020912969, best pos: [0.21075659 0.14485677 0.37759383 0.43392476 0.24341274 0.38946792
 0.24092967]
2024-09-10 15:37:55,914 - pyswarms.single.global_best - INFO - Optimize for 2 iters with {'c1': 2, 'c2': 2, 'w': 0.4}
2024-09-10 15:38:20,660 - pyswarms.single.global_best - INFO - Optimize for 2 iters with {'c1': 2, 'c2': 2, 'w': 0.4}
2024-09-10 15:39:53,145 - pyswarms.single.global_best - INFO - Optimization finished | best cost: 2893192576.1700397, best pos: [0.58541954 0.20337884 0.17275614 0.40402561 0.16392433 0.13922743
 0.46338726]
2024-09-10 15:40:41,713 - pyswarms.single.global_best - INFO - Optimize for 20 iters with {'c1': 2, 'c2': 2, 'w': 0.4}
2024-09-10 16:19:13,013 - pyswarms.single.global_best - INFO - Optimize for 20 iters with {'c1': 2, 'c2': 2, 'w': 0.4}
2024-09-10 16:31:21,269 - pyswarms.single.global_best - INFO - Optimize for 20 iters with {'c1': 2, 'c2': 2, 'w': 0.4}
2024-09-10 17:11:10,829 - pyswarms.single.global_best - INFO - Optimization finished | best cost: 327094.7880333726, best pos: [0.15822558 0.38630902 0.17510829 0.30781742 0.15859286 0.37431854
 0.30626915]
2024-09-11 09:26:59,130 - pyswarms.single.global_best - INFO - Optimize for 50 iters with {'c1': 2, 'c2': 2, 'w': 0.4}
2024-09-11 11:07:23,552 - pyswarms.single.global_best - INFO - Optimize for 50 iters with {'c1': 2, 'c2': 2, 'w': 0.4}
2024-09-11 23:46:29,997 - pyswarms.single.global_best - INFO - Optimize for 50 iters with {'c1': 2, 'c2': 2, 'w': 0.4}
2024-09-12 02:38:13,336 - pyswarms.single.global_best - INFO - Optimization finished | best cost: 0.0, best pos: [0.24669353 0.13507285 0.31981525 0.37253064 0.21264526 0.4977432
 0.30689497]
2024-09-12 07:28:07,143 - pyswarms.single.global_best - INFO - Optimize for 50 iters with {'c1': 2, 'c2': 1.5, 'w': 0.4}
2024-09-12 10:20:10,591 - pyswarms.single.global_best - INFO - Optimization finished | best cost: 36.139644846512994, best pos: [0.19092636 0.19197282 0.27730239 0.34488204 0.1579163  0.51332144
 0.50590135]
2024-09-12 11:15:59,617 - pyswarms.single.global_best - INFO - Optimize for 50 iters with {'c1': 2, 'c2': 1.5, 'w': 0.4}
2024-09-14 08:27:52,140 - pyswarms.single.global_best - INFO - Optimize for 100 iters with {'c1': 2, 'c2': 1.5, 'w': 0.4}
2024-09-14 14:12:27,913 - pyswarms.single.global_best - INFO - Optimization finished | best cost: 32.819816698620976, best pos: [0.19731405 0.1811792  0.24880503 0.51010571 0.13716154 0.50195038
 0.53324856]
2024-09-26 18:26:38,235 - pyswarms.single.global_best - INFO - Optimize for 100 iters with {'c1': 2, 'c2': 1.5, 'w': 0.4}
2024-09-26 18:27:21,205 - pyswarms.single.global_best - INFO - Optimize for 100 iters with {'c1': 2, 'c2': 1.5, 'w': 0.4}
2024-10-02 21:21:06,329 - pyswarms.single.global_best - INFO - Optimize for 100 iters with {'c1': 2, 'c2': 1.5, 'w': 0.4}
2024-10-03 11:56:19,484 - pyswarms.single.global_best - INFO - Optimize for 100 iters with {'c1': 2, 'c2': 1.5, 'w': 0.4}
2024-10-03 12:00:19,003 - pyswarms.single.global_best - INFO - Optimize for 100 iters with {'c1': 2, 'c2': 1.5, 'w': 0.4}
2024-10-03 12:02:42,253 - pyswarms.single.global_best - INFO - Optimize for 100 iters with {'c1': 2, 'c2': 1.5, 'w': 0.4}
2024-10-03 12:09:15,327 - pyswarms.single.global_best - INFO - Optimize for 100 iters with {'c1': 2, 'c2': 1.5, 'w': 0.4}
2024-10-03 12:10:59,889 - pyswarms.single.global_best - INFO - Optimize for 100 iters with {'c1': 2, 'c2': 1.5, 'w': 0.4}
2024-10-03 13:10:04,643 - pyswarms.single.global_best - INFO - Optimize for 100 iters with {'c1': 2, 'c2': 1.5, 'w': 0.4}
2024-10-03 13:14:17,638 - pyswarms.single.global_best - INFO - Optimize for 100 iters with {'c1': 2, 'c2': 1.5, 'w': 0.4}
2024-10-03 13:15:51,553 - pyswarms.single.global_best - INFO - Optimize for 100 iters with {'c1': 2, 'c2': 1.5, 'w': 0.4}
2024-10-03 13:23:45,646 - pyswarms.single.global_best - INFO - Optimize for 100 iters with {'c1': 2, 'c2': 1.5, 'w': 0.4}
2024-10-03 13:25:37,597 - pyswarms.single.global_best - INFO - Optimize for 100 iters with {'c1': 2, 'c2': 1.5, 'w': 0.4}
2024-10-03 13:27:51,538 - pyswarms.single.global_best - INFO - Optimize for 100 iters with {'c1': 2, 'c2': 1.5, 'w': 0.4}
2024-10-03 13:29:58,599 - pyswarms.single.global_best - INFO - Optimize for 100 iters with {'c1': 2, 'c2': 1.5, 'w': 0.4}
2024-10-03 13:31:44,252 - pyswarms.single.global_best - INFO - Optimize for 100 iters with {'c1': 2, 'c2': 1.5, 'w': 0.4}
2024-10-03 13:32:31,650 - pyswarms.single.global_best - INFO - Optimize for 100 iters with {'c1': 2, 'c2': 1.5, 'w': 0.4}
2024-10-03 13:33:25,251 - pyswarms.single.global_best - INFO - Optimize for 100 iters with {'c1': 2, 'c2': 1.5, 'w': 0.4}
2024-10-03 13:34:14,162 - pyswarms.single.global_best - INFO - Optimize for 100 iters with {'c1': 2, 'c2': 1.5, 'w': 0.4}
2024-10-03 13:36:20,992 - pyswarms.single.global_best - INFO - Optimize for 100 iters with {'c1': 2, 'c2': 1.5, 'w': 0.4}
2024-10-03 13:37:06,604 - pyswarms.single.global_best - INFO - Optimize for 100 iters with {'c1': 2, 'c2': 1.5, 'w': 0.4}
2024-10-03 13:38:07,098 - pyswarms.single.global_best - INFO - Optimize for 100 iters with {'c1': 2, 'c2': 1.5, 'w': 0.4}
2024-10-03 13:39:03,636 - pyswarms.single.global_best - INFO - Optimize for 100 iters with {'c1': 2, 'c2': 1.5, 'w': 0.4}
2024-10-03 14:39:06,293 - pyswarms.single.global_best - INFO - Optimize for 100 iters with {'c1': 2, 'c2': 1.5, 'w': 0.4}
2024-10-03 14:42:16,013 - pyswarms.single.global_best - INFO - Optimize for 100 iters with {'c1': 2, 'c2': 1.5, 'w': 0.4}
2024-10-03 14:44:13,903 - pyswarms.single.global_best - INFO - Optimize for 100 iters with {'c1': 2, 'c2': 1.5, 'w': 0.4}
2024-10-03 14:45:06,531 - pyswarms.single.global_best - INFO - Optimize for 100 iters with {'c1': 2, 'c2': 1.5, 'w': 0.4}
2024-10-03 14:46:22,546 - pyswarms.single.global_best - INFO - Optimize for 100 iters with {'c1': 2, 'c2': 1.5, 'w': 0.4}
2024-10-03 14:46:44,661 - pyswarms.single.global_best - INFO - Optimize for 100 iters with {'c1': 2, 'c2': 1.5, 'w': 0.4}
2024-10-03 15:09:17,900 - pyswarms.single.global_best - INFO - Optimize for 100 iters with {'c1': 2, 'c2': 1.5, 'w': 0.4}
2024-10-03 15:10:48,668 - pyswarms.single.global_best - INFO - Optimize for 100 iters with {'c1': 2, 'c2': 1.5, 'w': 0.4}
2024-10-03 15:12:42,475 - pyswarms.single.global_best - INFO - Optimize for 100 iters with {'c1': 2, 'c2': 1.5, 'w': 0.4}
2024-10-03 15:15:21,225 - pyswarms.single.global_best - INFO - Optimize for 100 iters with {'c1': 2, 'c2': 1.5, 'w': 0.4}
2024-10-03 15:16:59,893 - pyswarms.single.global_best - INFO - Optimize for 100 iters with {'c1': 2, 'c2': 1.5, 'w': 0.4}
2024-10-03 15:18:12,860 - pyswarms.single.global_best - INFO - Optimize for 100 iters with {'c1': 2, 'c2': 1.5, 'w': 0.4}
2024-10-03 15:20:52,548 - pyswarms.single.global_best - INFO - Optimize for 100 iters with {'c1': 2, 'c2': 1.5, 'w': 0.4}
2024-10-03 15:21:39,449 - pyswarms.single.global_best - INFO - Optimize for 100 iters with {'c1': 2, 'c2': 1.5, 'w': 0.4}
2024-10-03 15:22:09,444 - pyswarms.single.global_best - INFO - Optimize for 100 iters with {'c1': 2, 'c2': 1.5, 'w': 0.4}
2024-10-03 15:29:12,985 - pyswarms.single.global_best - INFO - Optimize for 100 iters with {'c1': 2, 'c2': 1.5, 'w': 0.4}
2024-10-03 15:30:16,189 - pyswarms.single.global_best - INFO - Optimize for 100 iters with {'c1': 2, 'c2': 1.5, 'w': 0.4}
2024-10-03 15:32:39,870 - pyswarms.single.global_best - INFO - Optimize for 100 iters with {'c1': 2, 'c2': 1.5, 'w': 0.4}
2024-10-03 17:42:22,712 - pyswarms.single.global_best - INFO - Optimize for 100 iters with {'c1': 2, 'c2': 1.5, 'w': 0.4}
2024-10-03 18:26:06,941 - pyswarms.single.global_best - INFO - Optimize for 100 iters with {'c1': 2, 'c2': 1.5, 'w': 0.4}
2024-10-03 18:29:52,925 - pyswarms.single.global_best - INFO - Optimize for 100 iters with {'c1': 2, 'c2': 1.5, 'w': 0.4}
2024-10-03 18:40:01,047 - pyswarms.single.global_best - INFO - Optimize for 100 iters with {'c1': 2, 'c2': 1.5, 'w': 0.4}
2024-10-03 18:47:24,554 - pyswarms.single.global_best - INFO - Optimize for 40 iters with {'c1': 2, 'c2': 1.5, 'w': 0.4}
2024-10-03 18:50:54,635 - pyswarms.single.global_best - INFO - Optimize for 40 iters with {'c1': 2, 'c2': 1.5, 'w': 0.4}
2024-10-03 18:53:23,515 - pyswarms.single.global_best - INFO - Optimize for 40 iters with {'c1': 2, 'c2': 1.5, 'w': 0.4}
2024-10-03 18:54:15,698 - pyswarms.single.global_best - INFO - Optimize for 40 iters with {'c1': 2, 'c2': 1.5, 'w': 0.4}
2024-10-04 13:42:41,591 - pyswarms.single.global_best - INFO - Optimize for 40 iters with {'c1': 2, 'c2': 1.5, 'w': 0.4}
2024-10-04 14:01:07,605 - pyswarms.single.global_best - INFO - Optimize for 40 iters with {'c1': 2, 'c2': 1.5, 'w': 0.4}
2024-10-04 14:03:29,765 - pyswarms.single.global_best - INFO - Optimize for 40 iters with {'c1': 2, 'c2': 1.5, 'w': 0.4}
2024-10-04 14:06:35,953 - pyswarms.single.global_best - INFO - Optimize for 40 iters with {'c1': 2, 'c2': 1.5, 'w': 0.4}
2024-10-04 17:54:52,894 - pyswarms.single.global_best - INFO - Optimize for 40 iters with {'c1': 2, 'c2': 1.5, 'w': 0.4}
2024-10-04 17:58:48,103 - pyswarms.single.global_best - INFO - Optimize for 40 iters with {'c1': 2, 'c2': 1.5, 'w': 0.4}
2024-10-04 18:02:28,520 - pyswarms.single.global_best - INFO - Optimize for 40 iters with {'c1': 2, 'c2': 1.5, 'w': 0.4}
2024-10-04 18:05:58,487 - pyswarms.single.global_best - INFO - Optimize for 40 iters with {'c1': 2, 'c2': 1.5, 'w': 0.4}
2024-10-04 21:53:24,161 - pyswarms.single.global_best - INFO - Optimize for 40 iters with {'c1': 2, 'c2': 1.5, 'w': 0.4}
2024-10-05 01:50:38,594 - pyswarms.single.global_best - INFO - Optimization finished | best cost: 1.0, best pos: [1.96550332e-04 3.55300884e-04 1.18137068e-04 3.58624991e-04
 1.86830220e-04 5.96874228e-05 2.37333081e-04]
2024-10-05 09:28:56,916 - pyswarms.single.global_best - INFO - Optimize for 40 iters with {'c1': 2, 'c2': 1.5, 'w': 0.4}
2024-10-05 09:49:51,840 - pyswarms.single.global_best - INFO - Optimize for 40 iters with {'c1': 2, 'c2': 1.5, 'w': 0.4}
2024-10-05 11:12:50,960 - pyswarms.single.global_best - INFO - Optimize for 75 iters with {'c1': 2, 'c2': 1.5, 'w': 0.4}
2024-10-06 08:11:37,891 - pyswarms.single.global_best - INFO - Optimize for 75 iters with {'c1': 2, 'c2': 1.5, 'w': 0.4}
2024-10-07 20:58:29,322 - pyswarms.single.global_best - INFO - Optimize for 75 iters with {'c1': 2, 'c2': 1.5, 'w': 0.4}
2024-10-07 21:03:23,404 - pyswarms.single.global_best - INFO - Optimize for 75 iters with {'c1': 2, 'c2': 1.5, 'w': 0.4}
2024-10-08 01:05:32,305 - pyswarms.single.global_best - INFO - Optimization finished | best cost: 0.27651515151515155, best pos: [1.96752253e-05 3.83843555e-04 3.11685238e-04 8.54176351e-04
 6.90024034e-04 7.46922379e-04 7.15853351e-04]
2024-10-09 17:54:57,833 - pyswarms.single.global_best - INFO - Optimize for 100 iters with {'c1': 2, 'c2': 1.5, 'w': 0.4}
2024-10-09 17:57:36,120 - pyswarms.single.global_best - INFO - Optimize for 100 iters with {'c1': 2, 'c2': 1.5, 'w': 0.4}
2024-10-09 18:01:23,304 - pyswarms.single.global_best - INFO - Optimize for 100 iters with {'c1': 2, 'c2': 1.5, 'w': 0.4}
2024-10-09 23:25:54,227 - pyswarms.single.global_best - INFO - Optimization finished | best cost: 0.09999999999999998, best pos: [0.00051057 0.00040491 0.00121697 0.00079145 0.00022654 0.00024779
 0.00028148]
2024-10-10 12:43:00,913 - pyswarms.single.global_best - INFO - Optimize for 25 iters with {'c1': 2, 'c2': 2, 'w': 0.4}
2024-10-10 14:20:20,754 - pyswarms.single.global_best - INFO - Optimize for 25 iters with {'c1': 2, 'c2': 1.5, 'w': 0.4}
2024-10-10 14:24:13,317 - pyswarms.single.global_best - INFO - Optimize for 25 iters with {'c1': 2, 'c2': 1.5, 'w': 0.4}
2024-10-11 09:17:41,933 - pyswarms.single.global_best - INFO - Optimize for 25 iters with {'c1': 2, 'c2': 1.5, 'w': 0.4}
2024-10-11 09:22:56,051 - pyswarms.single.global_best - INFO - Optimize for 25 iters with {'c1': 2, 'c2': 1.5, 'w': 0.4}
2024-10-11 09:24:18,626 - pyswarms.single.global_best - INFO - Optimize for 25 iters with {'c1': 2, 'c2': 1.5, 'w': 0.4}
2024-10-11 09:26:04,754 - pyswarms.single.global_best - INFO - Optimize for 25 iters with {'c1': 2, 'c2': 1.5, 'w': 0.4}
2024-10-11 09:27:11,283 - pyswarms.single.global_best - INFO - Optimize for 25 iters with {'c1': 2, 'c2': 1.5, 'w': 0.4}
2024-10-11 09:32:13,150 - pyswarms.single.global_best - INFO - Optimize for 25 iters with {'c1': 2, 'c2': 1.5, 'w': 0.4}
2024-10-11 09:33:33,101 - pyswarms.single.global_best - INFO - Optimize for 25 iters with {'c1': 2, 'c2': 1.5, 'w': 0.4}
2024-10-11 09:34:58,218 - pyswarms.single.global_best - INFO - Optimize for 25 iters with {'c1': 2, 'c2': 1.5, 'w': 0.4}
2024-10-11 09:38:04,167 - pyswarms.single.global_best - INFO - Optimize for 25 iters with {'c1': 2, 'c2': 1.5, 'w': 0.4}
2024-10-11 09:42:08,288 - pyswarms.single.global_best - INFO - Optimize for 25 iters with {'c1': 2, 'c2': 1.5, 'w': 0.4}
2024-10-11 09:43:01,382 - pyswarms.single.global_best - INFO - Optimize for 25 iters with {'c1': 2, 'c2': 1.5, 'w': 0.4}
2024-10-11 09:43:52,199 - pyswarms.single.global_best - INFO - Optimize for 25 iters with {'c1': 2, 'c2': 1.5, 'w': 0.4}
2024-10-11 09:45:05,885 - pyswarms.single.global_best - INFO - Optimize for 25 iters with {'c1': 2, 'c2': 1.5, 'w': 0.4}
2024-10-11 09:45:52,849 - pyswarms.single.global_best - INFO - Optimize for 25 iters with {'c1': 2, 'c2': 1.5, 'w': 0.4}
2024-10-11 09:47:21,678 - pyswarms.single.global_best - INFO - Optimize for 25 iters with {'c1': 2, 'c2': 1.5, 'w': 0.4}
2024-10-11 09:48:20,571 - pyswarms.single.global_best - INFO - Optimize for 25 iters with {'c1': 2, 'c2': 1.5, 'w': 0.4}
2024-10-11 09:49:23,865 - pyswarms.single.global_best - INFO - Optimize for 25 iters with {'c1': 2, 'c2': 1.5, 'w': 0.4}
2024-10-11 09:50:07,147 - pyswarms.single.global_best - INFO - Optimize for 25 iters with {'c1': 2, 'c2': 1.5, 'w': 0.4}
2024-10-11 09:50:47,973 - pyswarms.single.global_best - INFO - Optimize for 25 iters with {'c1': 2, 'c2': 1.5, 'w': 0.4}
2024-10-11 09:52:00,686 - pyswarms.single.global_best - INFO - Optimize for 25 iters with {'c1': 2, 'c2': 1.5, 'w': 0.4}
2024-10-11 09:52:43,391 - pyswarms.single.global_best - INFO - Optimize for 25 iters with {'c1': 2, 'c2': 1.5, 'w': 0.4}
2024-10-11 09:56:08,049 - pyswarms.single.global_best - INFO - Optimize for 25 iters with {'c1': 2, 'c2': 1.5, 'w': 0.4}
2024-10-11 09:57:02,376 - pyswarms.single.global_best - INFO - Optimize for 25 iters with {'c1': 2, 'c2': 1.5, 'w': 0.4}
2024-10-11 09:57:57,320 - pyswarms.single.global_best - INFO - Optimize for 25 iters with {'c1': 2, 'c2': 1.5, 'w': 0.4}
2024-10-11 09:59:48,358 - pyswarms.single.global_best - INFO - Optimize for 25 iters with {'c1': 2, 'c2': 1.5, 'w': 0.4}
2024-10-11 10:02:34,887 - pyswarms.single.global_best - INFO - Optimize for 25 iters with {'c1': 2, 'c2': 1.5, 'w': 0.4}
2024-10-11 10:04:19,178 - pyswarms.single.global_best - INFO - Optimize for 25 iters with {'c1': 2, 'c2': 1.5, 'w': 0.4}
2024-10-11 10:10:19,730 - pyswarms.single.global_best - INFO - Optimize for 25 iters with {'c1': 2, 'c2': 1.5, 'w': 0.4}
2024-10-11 10:13:29,848 - pyswarms.single.global_best - INFO - Optimize for 25 iters with {'c1': 2, 'c2': 1.5, 'w': 0.4}
2024-10-11 10:14:13,115 - pyswarms.single.global_best - INFO - Optimize for 25 iters with {'c1': 2, 'c2': 1.5, 'w': 0.4}
2024-10-11 10:14:36,982 - pyswarms.single.global_best - INFO - Optimize for 25 iters with {'c1': 2, 'c2': 1.5, 'w': 0.4}
2024-10-11 10:15:07,862 - pyswarms.single.global_best - INFO - Optimize for 25 iters with {'c1': 2, 'c2': 1.5, 'w': 0.4}
2024-10-11 10:15:39,357 - pyswarms.single.global_best - INFO - Optimize for 25 iters with {'c1': 2, 'c2': 1.5, 'w': 0.4}
2024-10-11 10:16:25,235 - pyswarms.single.global_best - INFO - Optimize for 25 iters with {'c1': 2, 'c2': 1.5, 'w': 0.4}
2024-10-14 13:48:58,138 - pyswarms.single.global_best - INFO - Optimize for 25 iters with {'c1': 2, 'c2': 1.5, 'w': 0.4}
2024-10-14 13:50:11,739 - pyswarms.single.global_best - INFO - Optimize for 25 iters with {'c1': 2, 'c2': 1.5, 'w': 0.4}
2024-10-14 13:52:34,919 - pyswarms.single.global_best - INFO - Optimize for 25 iters with {'c1': 2, 'c2': 1.5, 'w': 0.4}
2024-10-14 14:32:42,693 - pyswarms.single.global_best - INFO - Optimize for 25 iters with {'c1': 2, 'c2': 1.5, 'w': 0.4}
2024-10-14 14:35:14,306 - pyswarms.single.global_best - INFO - Optimize for 25 iters with {'c1': 2, 'c2': 1.5, 'w': 0.4}
2024-10-14 14:37:33,525 - pyswarms.single.global_best - INFO - Optimize for 25 iters with {'c1': 2, 'c2': 1.5, 'w': 0.4}
2024-10-14 14:38:41,918 - pyswarms.single.global_best - INFO - Optimize for 25 iters with {'c1': 2, 'c2': 1.5, 'w': 0.4}
2024-10-14 14:39:39,680 - pyswarms.single.global_best - INFO - Optimize for 25 iters with {'c1': 2, 'c2': 1.5, 'w': 0.4}
2024-10-14 14:41:21,397 - pyswarms.single.global_best - INFO - Optimize for 25 iters with {'c1': 2, 'c2': 1.5, 'w': 0.4}
2024-10-14 14:41:22,202 - pyswarms.single.global_best - INFO - Optimization finished | best cost: 0.0, best pos: [9.92870080e-07 5.45754665e-07 4.68737730e-08 7.80371608e-07
 6.79129131e-07 1.38307092e-07 5.76232155e-07]
2024-10-14 14:41:36,596 - pyswarms.single.global_best - INFO - Optimize for 1 iters with {'c1': 2, 'c2': 1.5, 'w': 0.4}
2024-10-14 14:41:36,633 - pyswarms.single.global_best - INFO - Optimization finished | best cost: 0.0, best pos: [3.16635608e-07 8.98501793e-07 5.72896260e-07 7.21010127e-07
 4.87319621e-07 8.73428581e-07 4.25805766e-09]
2024-10-14 14:43:27,246 - pyswarms.single.global_best - INFO - Optimize for 1 iters with {'c1': 2, 'c2': 1.5, 'w': 0.4}
2024-10-14 14:43:27,281 - pyswarms.single.global_best - INFO - Optimization finished | best cost: 0.0, best pos: [4.60454933e-08 3.64564792e-07 2.22462258e-07 6.26487964e-07
 7.28371689e-09 4.85161670e-07 3.57773019e-08]
2024-10-14 14:44:28,869 - pyswarms.single.global_best - INFO - Optimize for 1 iters with {'c1': 2, 'c2': 1.5, 'w': 0.4}
2024-10-14 14:46:03,287 - pyswarms.single.global_best - INFO - Optimize for 1 iters with {'c1': 2, 'c2': 1.5, 'w': 0.4}
2024-10-14 14:46:38,299 - pyswarms.single.global_best - INFO - Optimization finished | best cost: 0.0, best pos: [1.01737091e-07 8.50664291e-07 8.81791877e-07 8.63568968e-07
 4.02788928e-07 8.64094557e-07 6.95358697e-07]
2024-10-14 14:48:29,411 - pyswarms.single.global_best - INFO - Optimize for 25 iters with {'c1': 2, 'c2': 2, 'w': 0.4}
2024-10-14 14:49:37,031 - pyswarms.single.global_best - INFO - Optimize for 25 iters with {'c1': 2, 'c2': 2, 'w': 0.4}
2024-10-14 14:50:04,492 - pyswarms.single.global_best - INFO - Optimize for 25 iters with {'c1': 2, 'c2': 2, 'w': 0.4}
2024-10-14 14:56:27,356 - pyswarms.single.global_best - INFO - Optimize for 25 iters with {'c1': 2, 'c2': 2, 'w': 0.4}
2024-10-14 14:56:41,999 - pyswarms.single.global_best - INFO - Optimize for 25 iters with {'c1': 2, 'c2': 2, 'w': 0.4}
2024-10-14 14:57:21,767 - pyswarms.single.global_best - INFO - Optimize for 25 iters with {'c1': 2, 'c2': 2, 'w': 0.4}
2024-10-14 14:57:52,321 - pyswarms.single.global_best - INFO - Optimize for 25 iters with {'c1': 2, 'c2': 2, 'w': 0.4}
2024-10-14 14:59:15,612 - pyswarms.single.global_best - INFO - Optimize for 25 iters with {'c1': 2, 'c2': 2, 'w': 0.4}
2024-10-14 20:14:01,898 - pyswarms.single.global_best - INFO - Optimize for 25 iters with {'c1': 2, 'c2': 2, 'w': 0.4}
2024-10-14 20:14:14,306 - pyswarms.single.global_best - INFO - Optimize for 25 iters with {'c1': 2, 'c2': 2, 'w': 0.4}
2024-10-14 20:14:57,722 - pyswarms.single.global_best - INFO - Optimize for 25 iters with {'c1': 2, 'c2': 2, 'w': 0.4}
2024-10-14 20:24:54,860 - pyswarms.single.global_best - INFO - Optimize for 25 iters with {'c1': 2, 'c2': 2, 'w': 0.4}
2024-10-14 20:24:55,422 - pyswarms.single.global_best - INFO - Optimization finished | best cost: 0.0, best pos: [9.46633867e-07 4.18437975e-07 9.11862108e-07 1.60805752e-07
 5.40979254e-07 7.51913551e-07 7.02129151e-07]
2024-10-14 20:25:26,779 - pyswarms.single.global_best - INFO - Optimize for 25 iters with {'c1': 2, 'c2': 2, 'w': 0.4}
2024-10-14 20:27:57,826 - pyswarms.single.global_best - INFO - Optimize for 25 iters with {'c1': 2, 'c2': 2, 'w': 0.4}
2024-10-14 20:28:43,789 - pyswarms.single.global_best - INFO - Optimize for 25 iters with {'c1': 2, 'c2': 2, 'w': 0.4}
2024-10-14 20:29:38,437 - pyswarms.single.global_best - INFO - Optimize for 25 iters with {'c1': 2, 'c2': 2, 'w': 0.4}
2024-10-14 20:30:38,307 - pyswarms.single.global_best - INFO - Optimize for 25 iters with {'c1': 2, 'c2': 2, 'w': 0.4}
2024-10-14 20:38:09,979 - pyswarms.single.global_best - INFO - Optimize for 25 iters with {'c1': 2, 'c2': 2, 'w': 0.4}
2024-10-14 20:49:20,207 - pyswarms.single.global_best - INFO - Optimize for 25 iters with {'c1': 2, 'c2': 2, 'w': 0.4}
2024-10-14 20:50:57,833 - pyswarms.single.global_best - INFO - Optimize for 100 iters with {'c1': 2, 'c2': 2, 'w': 0.4}
2024-10-14 20:52:51,184 - pyswarms.single.global_best - INFO - Optimize for 100 iters with {'c1': 2, 'c2': 2, 'w': 0.4}
2024-10-15 03:17:31,185 - pyswarms.single.global_best - INFO - Optimization finished | best cost: 4.18109173418595e-06, best pos: [5.86928336e-07 4.76186957e-07 4.58599712e-07 5.74853382e-07
 6.17483766e-07 1.63414389e-07 7.51008054e-07]
